<?xml version="1.0" encoding="UTF-8"?>
<!-- Generated by org.testng.reporters.JUnitReportReporter -->
<testsuite hostname="HP" failures="0" tests="1" name="test.LoginTest" time="7.664" errors="0" timestamp="2025-06-24T12:34:10 IST" skipped="0">
  <testcase classname="test.LoginTest" name="testValidLogin" time="7.664"/>
</testsuite> <!-- test.LoginTest -->
